<?xml version="1.0" encoding="UTF-8"?>
<testng-results ignored="0" total="1" passed="1" failed="0" skipped="0">
  <reporter-output>
  </reporter-output>
  <suite started-at="2019-11-01T14:33:43 IST" name="Command line suite" finished-at="2019-11-01T14:33:43 IST" duration-ms="124">
    <groups>
    </groups>
    <test started-at="2019-11-01T14:33:43 IST" name="Command line test" finished-at="2019-11-01T14:33:43 IST" duration-ms="124">
      <class name="testNg.TestNgTest">
        <test-method signature="firstTest()[pri:0, instance:testNg.TestNgTest@5e57643e]" started-at="2019-11-01T14:33:43 IST" name="firstTest" finished-at="2019-11-01T14:33:43 IST" duration-ms="19" status="PASS">
          <reporter-output>
          </reporter-output>
        </test-method> <!-- firstTest -->
      </class> <!-- testNg.TestNgTest -->
    </test> <!-- Command line test -->
  </suite> <!-- Command line suite -->
</testng-results>
